2025-12-04 20:19:37 - app - INFO - Logger 'app' initialisé - Niveau: INFO
2025-12-04 20:19:37 - app - INFO - === Page d'accueil chargée ===
2025-12-04 20:19:38 - dashboard - INFO - Logger 'dashboard' initialisé - Niveau: INFO
2025-12-04 20:19:38 - dashboard - ERROR - ❌ ERREUR [load_data] : Échec du chargement
Traceback (most recent call last):
  File "C:\Users\User\Documents\Centre_Appel_dashboard\dashboard_urgence_appel\app.py", line 81, in load_data
    donnees = charger_toutes_les_donnees()
  File "C:\Users\User\Documents\Centre_Appel_dashboard\dashboard_urgence_appel\utils\data_loader.py", line 266, in charger_toutes_les_donnees
    df_appels = charger_donnees_appels()
  File "C:\Users\User\Documents\Centre_Appel_dashboard\dashboard_urgence_appel\utils\data_loader.py", line 80, in charger_donnees_appels
    raise ValueError(
        f"Colonnes manquantes dans le fichier : {', '.join(colonnes_manquantes)}"
    )
ValueError: Colonnes manquantes dans le fichier : INFORMATION_SANTE_JOUR, PRISE_RDV_JOUR, PLAINTES_RECLAMATIONS_JOUR, DEMANDE_AMBULANCE_JOUR, ORIENTATION_VERS_STRUCTURE_JOUR, CONSEIL_SANTE_JOUR, SIGNAL_EPIDEMIE_JOUR, ASSISTANCE_PSYCHOLOGIQUE_JOUR, SIGNAL_DECES_SUSPECT_JOUR, INFORMATION_VACCINATION_JOUR, RECHERCHE_PERSONNE_JOUR, DEMANDE_LISTE_ETABLISSEMENTS_JOUR, APPELS_RACCROCHES_JOUR, APPEL_MANQUES_JOUR
2025-12-04 20:19:38 - app - ERROR - Erreur chargement données : Colonnes manquantes dans le fichier : INFORMATION_SANTE_JOUR, PRISE_RDV_JOUR, PLAINTES_RECLAMATIONS_JOUR, DEMANDE_AMBULANCE_JOUR, ORIENTATION_VERS_STRUCTURE_JOUR, CONSEIL_SANTE_JOUR, SIGNAL_EPIDEMIE_JOUR, ASSISTANCE_PSYCHOLOGIQUE_JOUR, SIGNAL_DECES_SUSPECT_JOUR, INFORMATION_VACCINATION_JOUR, RECHERCHE_PERSONNE_JOUR, DEMANDE_LISTE_ETABLISSEMENTS_JOUR, APPELS_RACCROCHES_JOUR, APPEL_MANQUES_JOUR
2025-12-04 20:19:52 - app - INFO - === Page d'accueil chargée ===
2025-12-04 20:19:52 - dashboard - ERROR - ❌ ERREUR [load_data] : Échec du chargement
Traceback (most recent call last):
  File "C:\Users\User\Documents\Centre_Appel_dashboard\dashboard_urgence_appel\app.py", line 81, in load_data
    donnees = charger_toutes_les_donnees()
  File "C:\Users\User\Documents\Centre_Appel_dashboard\dashboard_urgence_appel\utils\data_loader.py", line 266, in charger_toutes_les_donnees
    df_appels = charger_donnees_appels()
  File "C:\Users\User\Documents\Centre_Appel_dashboard\dashboard_urgence_appel\utils\data_loader.py", line 80, in charger_donnees_appels
    raise ValueError(
        f"Colonnes manquantes dans le fichier : {', '.join(colonnes_manquantes)}"
    )
ValueError: Colonnes manquantes dans le fichier : INFORMATION_SANTE_JOUR, PRISE_RDV_JOUR, PLAINTES_RECLAMATIONS_JOUR, DEMANDE_AMBULANCE_JOUR, ORIENTATION_VERS_STRUCTURE_JOUR, CONSEIL_SANTE_JOUR, SIGNAL_EPIDEMIE_JOUR, ASSISTANCE_PSYCHOLOGIQUE_JOUR, SIGNAL_DECES_SUSPECT_JOUR, INFORMATION_VACCINATION_JOUR, RECHERCHE_PERSONNE_JOUR, DEMANDE_LISTE_ETABLISSEMENTS_JOUR, APPELS_RACCROCHES_JOUR, APPEL_MANQUES_JOUR
2025-12-04 20:19:52 - app - ERROR - Erreur chargement données : Colonnes manquantes dans le fichier : INFORMATION_SANTE_JOUR, PRISE_RDV_JOUR, PLAINTES_RECLAMATIONS_JOUR, DEMANDE_AMBULANCE_JOUR, ORIENTATION_VERS_STRUCTURE_JOUR, CONSEIL_SANTE_JOUR, SIGNAL_EPIDEMIE_JOUR, ASSISTANCE_PSYCHOLOGIQUE_JOUR, SIGNAL_DECES_SUSPECT_JOUR, INFORMATION_VACCINATION_JOUR, RECHERCHE_PERSONNE_JOUR, DEMANDE_LISTE_ETABLISSEMENTS_JOUR, APPELS_RACCROCHES_JOUR, APPEL_MANQUES_JOUR
2025-12-04 20:26:02 - app - INFO - Logger 'app' initialisé - Niveau: INFO
2025-12-04 20:26:02 - app - INFO - === Page d'accueil chargée ===
2025-12-04 20:26:02 - dashboard - INFO - Logger 'dashboard' initialisé - Niveau: INFO
2025-12-04 20:26:02 - dashboard - ERROR - ❌ ERREUR [load_data] : Échec du chargement
Traceback (most recent call last):
  File "C:\Users\User\Documents\Centre_Appel_dashboard\dashboard_urgence_appel\app.py", line 81, in load_data
    donnees = charger_toutes_les_donnees()
  File "C:\Users\User\Documents\Centre_Appel_dashboard\dashboard_urgence_appel\utils\data_loader.py", line 269, in charger_toutes_les_donnees
    df_calendrier = charger_calendrier_epidemiologique()
  File "C:\Users\User\Documents\Centre_Appel_dashboard\dashboard_urgence_appel\utils\data_loader.py", line 201, in charger_calendrier_epidemiologique
    raise ValueError(
        f"Colonnes essentielles manquantes : {', '.join(colonnes_manquantes)}"
    )
ValueError: Colonnes essentielles manquantes : Week_No, Week_Label, Date_Start
2025-12-04 20:26:02 - app - ERROR - Erreur chargement données : Colonnes essentielles manquantes : Week_No, Week_Label, Date_Start
2025-12-04 20:33:09 - app - INFO - Logger 'app' initialisé - Niveau: INFO
2025-12-04 20:33:09 - app - INFO - === Page d'accueil chargée ===
2025-12-04 20:33:09 - data_loader - INFO - Logger 'data_loader' initialisé - Niveau: INFO
2025-12-04 20:33:09 - data_loader - INFO - ✅ Chargement réussi : Toutes les données (301 lignes)
2025-12-04 20:40:34 - app - INFO - Logger 'app' initialisé - Niveau: INFO
2025-12-04 20:40:34 - app - INFO - === Page d'accueil chargée ===
2025-12-04 20:40:34 - data_loader - INFO - Logger 'data_loader' initialisé - Niveau: INFO
2025-12-04 20:40:34 - data_loader - INFO - ✅ Chargement réussi : Toutes les données (301 lignes)
2025-12-04 20:40:36 - vue_ensemble - INFO - Logger 'vue_ensemble' initialisé - Niveau: INFO
2025-12-04 20:40:36 - vue_ensemble - INFO - === Page Vue d'Ensemble chargée ===
2025-12-04 20:40:49 - analyse_epidemiologique - INFO - Logger 'analyse_epidemiologique' initialisé - Niveau: INFO
2025-12-04 20:40:49 - analyse_epidemiologique - INFO - === Page Analyse Épidémiologique chargée ===
2025-12-04 20:41:37 - donnees_brutes - INFO - Logger 'donnees_brutes' initialisé - Niveau: INFO
2025-12-04 20:41:37 - donnees_brutes - INFO - === Page Données Brutes chargée ===
2025-12-04 20:41:48 - generation_rapports - INFO - Logger 'generation_rapports' initialisé - Niveau: INFO
2025-12-04 20:41:48 - generation_rapports - INFO - === Page Génération de Rapports chargée ===
2025-12-04 20:42:13 - donnees_brutes - INFO - === Page Données Brutes chargée ===
2025-12-04 20:43:57 - comparaisons - INFO - Logger 'comparaisons' initialisé - Niveau: INFO
2025-12-04 20:43:57 - comparaisons - INFO - === Page Comparaisons chargée ===
2025-12-04 20:44:28 - analyse_epidemiologique - INFO - === Page Analyse Épidémiologique chargée ===
2025-12-04 20:44:30 - comparaisons - INFO - === Page Comparaisons chargée ===
2025-12-04 20:44:33 - donnees_brutes - INFO - === Page Données Brutes chargée ===
2025-12-04 20:44:37 - generation_rapports - INFO - === Page Génération de Rapports chargée ===
2025-12-04 21:04:21 - app - INFO - === Page d'accueil chargée ===
2025-12-04 21:05:22 - vue_ensemble - INFO - === Page Vue d'Ensemble chargée ===
2025-12-04 21:05:55 - analyse_epidemiologique - INFO - === Page Analyse Épidémiologique chargée ===
2025-12-04 21:06:13 - comparaisons - INFO - === Page Comparaisons chargée ===
2025-12-04 21:06:20 - donnees_brutes - INFO - === Page Données Brutes chargée ===
2025-12-04 21:06:24 - generation_rapports - INFO - === Page Génération de Rapports chargée ===
2025-12-04 21:07:04 - generation_rapports - INFO - === Page Génération de Rapports chargée ===
2025-12-04 21:07:18 - generation_rapports - INFO - === Page Génération de Rapports chargée ===
2025-12-04 21:07:22 - donnees_brutes - INFO - === Page Données Brutes chargée ===
2025-12-04 21:07:24 - generation_rapports - INFO - === Page Génération de Rapports chargée ===
2025-12-04 21:07:41 - app - INFO - Logger 'app' initialisé - Niveau: INFO
2025-12-04 21:07:41 - app - INFO - === Page d'accueil chargée ===
2025-12-04 21:07:41 - data_loader - INFO - Logger 'data_loader' initialisé - Niveau: INFO
2025-12-04 21:07:41 - data_loader - INFO - ✅ Chargement réussi : Toutes les données (301 lignes)
2025-12-04 21:07:51 - vue_ensemble - INFO - Logger 'vue_ensemble' initialisé - Niveau: INFO
2025-12-04 21:07:51 - vue_ensemble - INFO - === Page Vue d'Ensemble chargée ===
2025-12-04 21:07:53 - analyse_epidemiologique - INFO - Logger 'analyse_epidemiologique' initialisé - Niveau: INFO
2025-12-04 21:07:53 - analyse_epidemiologique - INFO - === Page Analyse Épidémiologique chargée ===
2025-12-04 21:07:54 - donnees_brutes - INFO - Logger 'donnees_brutes' initialisé - Niveau: INFO
2025-12-04 21:07:54 - donnees_brutes - INFO - === Page Données Brutes chargée ===
2025-12-04 21:07:56 - generation_rapports - INFO - Logger 'generation_rapports' initialisé - Niveau: INFO
2025-12-04 21:07:56 - generation_rapports - INFO - === Page Génération de Rapports chargée ===
2025-12-04 21:08:37 - generation_rapports - INFO - === Page Génération de Rapports chargée ===
2025-12-04 21:09:23 - app - INFO - === Page d'accueil chargée ===
2025-12-04 21:10:03 - vue_ensemble - INFO - === Page Vue d'Ensemble chargée ===
2025-12-04 21:10:10 - analyse_epidemiologique - INFO - === Page Analyse Épidémiologique chargée ===
2025-12-04 21:10:12 - comparaisons - INFO - Logger 'comparaisons' initialisé - Niveau: INFO
2025-12-04 21:10:12 - comparaisons - INFO - === Page Comparaisons chargée ===
2025-12-04 21:10:14 - donnees_brutes - INFO - === Page Données Brutes chargée ===
2025-12-04 21:10:16 - generation_rapports - INFO - === Page Génération de Rapports chargée ===
2025-12-04 21:24:45 - app - INFO - === Page d'accueil chargée ===
2025-12-04 21:25:22 - vue_ensemble - INFO - === Page Vue d'Ensemble chargée ===
2025-12-04 21:26:15 - analyse_epidemiologique - INFO - === Page Analyse Épidémiologique chargée ===
2025-12-04 21:26:31 - analyse_epidemiologique - INFO - === Page Analyse Épidémiologique chargée ===
2025-12-04 21:26:59 - comparaisons - INFO - === Page Comparaisons chargée ===
2025-12-04 21:27:08 - comparaisons - INFO - === Page Comparaisons chargée ===
2025-12-04 21:27:29 - donnees_brutes - INFO - === Page Données Brutes chargée ===
2025-12-04 21:27:48 - donnees_brutes - INFO - === Page Données Brutes chargée ===
2025-12-04 21:27:53 - donnees_brutes - INFO - === Page Données Brutes chargée ===
2025-12-04 21:28:01 - donnees_brutes - INFO - === Page Données Brutes chargée ===
2025-12-04 21:28:51 - donnees_brutes - INFO - === Page Données Brutes chargée ===
2025-12-04 21:29:28 - generation_rapports - INFO - === Page Génération de Rapports chargée ===
2025-12-04 21:30:33 - app - INFO - === Page d'accueil chargée ===
2025-12-05 02:46:47 - vue_ensemble - INFO - === Page Vue d'Ensemble chargée ===
2025-12-05 02:47:03 - comparaisons - INFO - === Page Comparaisons chargée ===
2025-12-05 02:47:07 - donnees_brutes - INFO - === Page Données Brutes chargée ===
2025-12-05 02:47:11 - generation_rapports - INFO - === Page Génération de Rapports chargée ===
2025-12-05 03:00:54 - generation_rapports - INFO - === Page Génération de Rapports chargée ===
2025-12-05 03:00:54 - generation_rapports - ERROR - Générateur ORIGINAL non disponible : No module named 'pptx'
2025-12-05 03:00:54 - generation_rapports - ERROR - Générateur AVANCÉ non disponible : No module named 'pptx'
2025-12-05 03:09:16 - app - INFO - Logger 'app' initialisé - Niveau: INFO
2025-12-05 03:09:16 - app - INFO - === Page d'accueil chargée ===
2025-12-05 03:09:17 - data_loader - INFO - Logger 'data_loader' initialisé - Niveau: INFO
2025-12-05 03:09:17 - data_loader - INFO - ✅ Chargement réussi : Toutes les données (301 lignes)
2025-12-05 03:09:26 - vue_ensemble - INFO - Logger 'vue_ensemble' initialisé - Niveau: INFO
2025-12-05 03:09:26 - vue_ensemble - INFO - === Page Vue d'Ensemble chargée ===
2025-12-05 03:09:30 - generation_rapports - INFO - Logger 'generation_rapports' initialisé - Niveau: INFO
2025-12-05 03:09:30 - generation_rapports - INFO - === Page Génération de Rapports chargée ===
2025-12-05 03:09:40 - generation_rapports - INFO - === Page Génération de Rapports chargée ===
2025-12-05 03:10:06 - generation_rapports - INFO - === Page Génération de Rapports chargée ===
2025-12-05 03:10:12 - generation_rapports - INFO - === Page Génération de Rapports chargée ===
2025-12-05 03:10:22 - donnees_brutes - INFO - Logger 'donnees_brutes' initialisé - Niveau: INFO
2025-12-05 03:10:22 - donnees_brutes - INFO - === Page Données Brutes chargée ===
2025-12-05 03:10:26 - comparaisons - INFO - Logger 'comparaisons' initialisé - Niveau: INFO
2025-12-05 03:10:26 - comparaisons - INFO - === Page Comparaisons chargée ===
2025-12-05 03:10:31 - analyse_epidemiologique - INFO - Logger 'analyse_epidemiologique' initialisé - Niveau: INFO
2025-12-05 03:10:31 - analyse_epidemiologique - INFO - === Page Analyse Épidémiologique chargée ===
2025-12-05 03:10:45 - vue_ensemble - INFO - === Page Vue d'Ensemble chargée ===
2025-12-05 03:14:22 - vue_ensemble - INFO - === Page Vue d'Ensemble chargée ===
2025-12-05 03:14:42 - analyse_epidemiologique - INFO - === Page Analyse Épidémiologique chargée ===
2025-12-05 03:14:47 - comparaisons - INFO - === Page Comparaisons chargée ===
2025-12-05 03:14:51 - donnees_brutes - INFO - === Page Données Brutes chargée ===
2025-12-05 03:14:55 - generation_rapports - INFO - === Page Génération de Rapports chargée ===
2025-12-05 03:14:58 - app - INFO - === Page d'accueil chargée ===
2025-12-05 03:15:19 - vue_ensemble - INFO - === Page Vue d'Ensemble chargée ===
2025-12-05 03:17:19 - vue_ensemble - INFO - === Page Vue d'Ensemble chargée ===
2025-12-05 03:17:30 - vue_ensemble - INFO - === Page Vue d'Ensemble chargée ===
2025-12-05 03:17:39 - analyse_epidemiologique - INFO - === Page Analyse Épidémiologique chargée ===
2025-12-05 03:17:54 - vue_ensemble - INFO - === Page Vue d'Ensemble chargée ===
2025-12-05 03:17:56 - analyse_epidemiologique - INFO - === Page Analyse Épidémiologique chargée ===
2025-12-05 03:17:57 - comparaisons - INFO - === Page Comparaisons chargée ===
2025-12-05 03:17:58 - donnees_brutes - INFO - === Page Données Brutes chargée ===
2025-12-05 03:18:02 - generation_rapports - INFO - === Page Génération de Rapports chargée ===
2025-12-05 03:18:06 - app - INFO - === Page d'accueil chargée ===
2025-12-05 03:18:13 - vue_ensemble - INFO - === Page Vue d'Ensemble chargée ===
2025-12-05 03:18:27 - analyse_epidemiologique - INFO - === Page Analyse Épidémiologique chargée ===
2025-12-05 03:21:12 - analyse_epidemiologique - INFO - === Page Analyse Épidémiologique chargée ===
2025-12-05 03:24:37 - app - INFO - === Page d'accueil chargée ===
2025-12-05 03:30:50 - app - INFO - === Page d'accueil chargée ===
2025-12-05 03:31:32 - vue_ensemble - INFO - === Page Vue d'Ensemble chargée ===
2025-12-05 03:31:45 - analyse_epidemiologique - INFO - === Page Analyse Épidémiologique chargée ===
2025-12-05 03:31:55 - comparaisons - INFO - === Page Comparaisons chargée ===
2025-12-05 03:32:01 - donnees_brutes - INFO - === Page Données Brutes chargée ===
2025-12-05 03:32:04 - generation_rapports - INFO - === Page Génération de Rapports chargée ===
2025-12-05 03:45:54 - app - INFO - Logger 'app' initialisé - Niveau: INFO
2025-12-05 03:45:54 - app - INFO - === Page d'accueil chargée ===
2025-12-05 03:45:54 - data_loader - INFO - Logger 'data_loader' initialisé - Niveau: INFO
2025-12-05 03:45:54 - data_loader - INFO - ✅ Chargement réussi : Toutes les données (301 lignes)
2025-12-05 03:46:53 - vue_ensemble - INFO - Logger 'vue_ensemble' initialisé - Niveau: INFO
2025-12-05 03:46:54 - vue_ensemble - INFO - === Page Vue d'Ensemble chargée ===
2025-12-05 03:46:57 - app - INFO - === Page d'accueil chargée ===
2025-12-05 03:47:06 - analyse_epidemiologique - INFO - Logger 'analyse_epidemiologique' initialisé - Niveau: INFO
2025-12-05 03:47:06 - analyse_epidemiologique - INFO - === Page Analyse Épidémiologique chargée ===
2025-12-05 03:47:11 - comparaisons - INFO - Logger 'comparaisons' initialisé - Niveau: INFO
2025-12-05 03:47:11 - comparaisons - INFO - === Page Comparaisons chargée ===
2025-12-05 03:47:13 - donnees_brutes - INFO - Logger 'donnees_brutes' initialisé - Niveau: INFO
2025-12-05 03:47:13 - donnees_brutes - INFO - === Page Données Brutes chargée ===
2025-12-05 03:47:19 - generation_rapports - INFO - Logger 'generation_rapports' initialisé - Niveau: INFO
2025-12-05 03:47:19 - generation_rapports - INFO - === Page Génération de Rapports chargée ===
2025-12-05 04:06:15 - app - INFO - Logger 'app' initialisé - Niveau: INFO
2025-12-05 04:06:15 - app - INFO - === Page d'accueil chargée ===
2025-12-05 04:06:16 - data_loader - INFO - Logger 'data_loader' initialisé - Niveau: INFO
2025-12-05 04:06:16 - data_loader - INFO - ✅ Chargement réussi : Toutes les données (301 lignes)
2025-12-05 09:22:25 - app - INFO - Logger 'app' initialisé - Niveau: INFO
2025-12-05 09:22:25 - app - INFO - === Page d'accueil chargée ===
2025-12-05 09:22:25 - data_loader - INFO - Logger 'data_loader' initialisé - Niveau: INFO
2025-12-05 09:22:25 - data_loader - INFO - ✅ Chargement réussi : Toutes les données (301 lignes)
2025-12-05 09:33:13 - app - INFO - === Page d'accueil chargée ===
2025-12-05 09:43:50 - app - INFO - Logger 'app' initialisé - Niveau: INFO
2025-12-05 09:43:50 - app - INFO - === Page d'accueil chargée ===
2025-12-05 09:43:50 - data_loader - INFO - Logger 'data_loader' initialisé - Niveau: INFO
2025-12-05 09:43:50 - data_loader - INFO - ✅ Chargement réussi : Toutes les données (301 lignes)
2025-12-05 09:53:06 - vue_ensemble - INFO - Logger 'vue_ensemble' initialisé - Niveau: INFO
2025-12-05 09:53:06 - vue_ensemble - INFO - === Page Vue d'Ensemble chargée ===
2025-12-05 12:39:33 - app - INFO - Logger 'app' initialisé - Niveau: INFO
2025-12-05 12:39:33 - app - INFO - === Page d'accueil chargée ===
2025-12-05 12:39:34 - data_loader - INFO - Logger 'data_loader' initialisé - Niveau: INFO
2025-12-05 12:39:34 - data_loader - INFO - ✅ Chargement réussi : Toutes les données (301 lignes)
2025-12-05 12:40:01 - vue_ensemble - INFO - Logger 'vue_ensemble' initialisé - Niveau: INFO
2025-12-05 12:40:01 - vue_ensemble - INFO - === Page Vue d'Ensemble chargée ===
2025-12-05 12:40:10 - analyse_epidemiologique - INFO - Logger 'analyse_epidemiologique' initialisé - Niveau: INFO
2025-12-05 12:40:10 - analyse_epidemiologique - INFO - === Page Analyse Épidémiologique chargée ===
2025-12-05 12:40:14 - comparaisons - INFO - Logger 'comparaisons' initialisé - Niveau: INFO
2025-12-05 12:40:14 - comparaisons - INFO - === Page Comparaisons chargée ===
2025-12-05 12:40:20 - comparaisons - INFO - === Page Comparaisons chargée ===
2025-12-05 12:40:22 - comparaisons - INFO - === Page Comparaisons chargée ===
2025-12-05 12:40:23 - donnees_brutes - INFO - Logger 'donnees_brutes' initialisé - Niveau: INFO
2025-12-05 12:40:23 - donnees_brutes - INFO - === Page Données Brutes chargée ===
2025-12-05 12:40:26 - generation_rapports - INFO - Logger 'generation_rapports' initialisé - Niveau: INFO
2025-12-05 12:40:26 - generation_rapports - INFO - === Page Génération de Rapports chargée ===
2025-12-05 14:03:05 - app - INFO - === Page d'accueil chargée ===
2025-12-05 14:03:05 - data_loader - INFO - ✅ Chargement réussi : Toutes les données (301 lignes)
2025-12-05 14:03:29 - app - INFO - === Page d'accueil chargée ===
2025-12-05 14:03:34 - vue_ensemble - INFO - === Page Vue d'Ensemble chargée ===
2025-12-05 14:03:37 - app - INFO - === Page d'accueil chargée ===
2025-12-05 14:08:12 - app - INFO - === Page d'accueil chargée ===
2025-12-05 14:13:19 - app - INFO - === Page d'accueil chargée ===
2025-12-05 14:13:42 - vue_ensemble - INFO - === Page Vue d'Ensemble chargée ===
2025-12-05 14:14:37 - vue_ensemble - INFO - === Page Vue d'Ensemble chargée ===
2025-12-05 14:20:09 - vue_ensemble - INFO - === Page Vue d'Ensemble chargée ===
2025-12-05 14:20:12 - app - INFO - === Page d'accueil chargée ===
2025-12-05 14:20:24 - vue_ensemble - INFO - === Page Vue d'Ensemble chargée ===
2025-12-05 14:20:26 - analyse_epidemiologique - INFO - === Page Analyse Épidémiologique chargée ===
2025-12-05 14:20:35 - analyse_epidemiologique - INFO - === Page Analyse Épidémiologique chargée ===
2025-12-05 14:21:05 - comparaisons - INFO - === Page Comparaisons chargée ===
2025-12-05 14:21:10 - donnees_brutes - INFO - === Page Données Brutes chargée ===
2025-12-05 14:21:13 - generation_rapports - INFO - === Page Génération de Rapports chargée ===
2025-12-05 14:21:16 - analyse_epidemiologique - INFO - === Page Analyse Épidémiologique chargée ===
2025-12-05 14:21:20 - comparaisons - INFO - === Page Comparaisons chargée ===
2025-12-05 14:21:23 - analyse_epidemiologique - INFO - === Page Analyse Épidémiologique chargée ===
2025-12-05 14:21:29 - vue_ensemble - INFO - === Page Vue d'Ensemble chargée ===
2025-12-05 14:21:33 - app - INFO - === Page d'accueil chargée ===
2025-12-05 14:21:41 - analyse_epidemiologique - INFO - === Page Analyse Épidémiologique chargée ===
2025-12-05 14:21:43 - comparaisons - INFO - === Page Comparaisons chargée ===
2025-12-05 14:21:44 - donnees_brutes - INFO - === Page Données Brutes chargée ===
2025-12-05 14:22:12 - generation_rapports - INFO - === Page Génération de Rapports chargée ===
2025-12-05 14:22:15 - generation_rapports - INFO - === Page Génération de Rapports chargée ===
2025-12-05 14:22:43 - generation_rapports - INFO - === Page Génération de Rapports chargée ===
2025-12-05 14:22:48 - generation_rapports - INFO - === Page Génération de Rapports chargée ===
2025-12-05 14:22:57 - generation_rapports - INFO - === Page Génération de Rapports chargée ===
2025-12-05 14:24:17 - generation_rapports - INFO - === Page Génération de Rapports chargée ===
2025-12-05 14:24:32 - app - INFO - === Page d'accueil chargée ===
2025-12-05 14:24:50 - vue_ensemble - INFO - === Page Vue d'Ensemble chargée ===
2025-12-05 14:24:56 - comparaisons - INFO - === Page Comparaisons chargée ===
2025-12-05 14:25:04 - donnees_brutes - INFO - === Page Données Brutes chargée ===
2025-12-05 14:25:08 - generation_rapports - INFO - === Page Génération de Rapports chargée ===
2025-12-05 14:29:46 - generation_rapports - INFO - === Page Génération de Rapports chargée ===
2025-12-05 14:29:54 - vue_ensemble - INFO - === Page Vue d'Ensemble chargée ===
2025-12-05 14:29:55 - analyse_epidemiologique - INFO - === Page Analyse Épidémiologique chargée ===
2025-12-05 14:29:58 - donnees_brutes - INFO - === Page Données Brutes chargée ===
2025-12-05 14:30:01 - app - INFO - === Page d'accueil chargée ===
2025-12-05 14:30:04 - vue_ensemble - INFO - === Page Vue d'Ensemble chargée ===
2025-12-05 14:30:22 - analyse_epidemiologique - INFO - === Page Analyse Épidémiologique chargée ===
2025-12-05 14:30:24 - comparaisons - INFO - === Page Comparaisons chargée ===
2025-12-05 14:35:09 - comparaisons - INFO - === Page Comparaisons chargée ===
2025-12-05 14:35:23 - comparaisons - INFO - === Page Comparaisons chargée ===
2025-12-05 14:48:34 - comparaisons - INFO - === Page Comparaisons chargée ===
2025-12-05 14:48:59 - comparaisons - INFO - === Page Comparaisons chargée ===
2025-12-05 14:49:06 - donnees_brutes - INFO - === Page Données Brutes chargée ===
2025-12-05 14:49:11 - generation_rapports - INFO - === Page Génération de Rapports chargée ===
2025-12-07 14:35:18 - app - INFO - Logger 'app' initialisé - Niveau: INFO
2025-12-07 14:35:18 - app - INFO - === Page d'accueil chargée ===
2025-12-07 14:35:19 - data_loader - INFO - Logger 'data_loader' initialisé - Niveau: INFO
2025-12-07 14:35:19 - data_loader - INFO - ✅ Chargement réussi : Toutes les données (301 lignes)
2025-12-07 14:35:20 - app - INFO - === Page d'accueil chargée ===
2025-12-07 14:35:45 - vue_ensemble - INFO - Logger 'vue_ensemble' initialisé - Niveau: INFO
2025-12-07 14:35:45 - vue_ensemble - INFO - === Page Vue d'Ensemble chargée ===
2025-12-07 14:37:19 - analyse_epidemiologique - INFO - Logger 'analyse_epidemiologique' initialisé - Niveau: INFO
2025-12-07 14:37:19 - analyse_epidemiologique - INFO - === Page Analyse Épidémiologique chargée ===
2025-12-07 14:37:57 - analyse_epidemiologique - INFO - === Page Analyse Épidémiologique chargée ===
2025-12-07 14:39:06 - comparaisons - INFO - Logger 'comparaisons' initialisé - Niveau: INFO
2025-12-07 14:39:06 - comparaisons - INFO - === Page Comparaisons chargée ===
2025-12-07 14:39:19 - comparaisons - INFO - === Page Comparaisons chargée ===
2025-12-07 14:39:35 - comparaisons - INFO - === Page Comparaisons chargée ===
2025-12-07 14:40:11 - donnees_brutes - INFO - Logger 'donnees_brutes' initialisé - Niveau: INFO
2025-12-07 14:40:11 - donnees_brutes - INFO - === Page Données Brutes chargée ===
2025-12-07 14:40:53 - donnees_brutes - INFO - === Page Données Brutes chargée ===
2025-12-07 14:45:50 - app - INFO - === Page d'accueil chargée ===
2025-12-07 14:46:06 - vue_ensemble - INFO - === Page Vue d'Ensemble chargée ===
2025-12-07 14:46:23 - analyse_epidemiologique - INFO - === Page Analyse Épidémiologique chargée ===
2025-12-07 14:46:50 - vue_ensemble - INFO - === Page Vue d'Ensemble chargée ===
2025-12-07 14:50:25 - analyse_epidemiologique - INFO - === Page Analyse Épidémiologique chargée ===
2025-12-07 14:50:28 - analyse_epidemiologique - INFO - === Page Analyse Épidémiologique chargée ===
2025-12-07 14:50:32 - analyse_epidemiologique - INFO - === Page Analyse Épidémiologique chargée ===
2025-12-07 14:50:44 - analyse_epidemiologique - INFO - === Page Analyse Épidémiologique chargée ===
2025-12-07 15:04:05 - app - INFO - Logger 'app' initialisé - Niveau: INFO
2025-12-07 15:04:05 - app - INFO - === Page d'accueil chargée ===
2025-12-07 15:04:05 - data_loader - INFO - Logger 'data_loader' initialisé - Niveau: INFO
2025-12-07 15:04:05 - data_loader - INFO - ✅ Chargement réussi : Toutes les données (301 lignes)
2025-12-07 15:04:14 - vue_ensemble - INFO - Logger 'vue_ensemble' initialisé - Niveau: INFO
2025-12-07 15:04:14 - vue_ensemble - INFO - === Page Vue d'Ensemble chargée ===
2025-12-07 15:04:20 - analyse_epidemiologique - INFO - Logger 'analyse_epidemiologique' initialisé - Niveau: INFO
2025-12-07 15:04:20 - analyse_epidemiologique - INFO - === Page Analyse Épidémiologique chargée ===
2025-12-07 15:04:23 - vue_ensemble - INFO - === Page Vue d'Ensemble chargée ===
2025-12-07 15:04:41 - analyse_epidemiologique - INFO - === Page Analyse Épidémiologique chargée ===
2025-12-07 15:04:49 - analyse_epidemiologique - INFO - === Page Analyse Épidémiologique chargée ===
2025-12-07 15:04:49 - analyse_epidemiologique - INFO - Export comparaison : 3 semaines
2025-12-07 15:05:30 - comparaisons - INFO - Logger 'comparaisons' initialisé - Niveau: INFO
2025-12-07 15:05:30 - comparaisons - INFO - === Page Comparaisons chargée ===
2025-12-07 15:05:39 - comparaisons - INFO - === Page Comparaisons chargée ===
2025-12-07 15:06:09 - donnees_brutes - INFO - Logger 'donnees_brutes' initialisé - Niveau: INFO
2025-12-07 15:06:09 - donnees_brutes - INFO - === Page Données Brutes chargée ===
2025-12-07 15:06:21 - donnees_brutes - INFO - === Page Données Brutes chargée ===
2025-12-07 15:06:31 - donnees_brutes - INFO - === Page Données Brutes chargée ===
2025-12-07 15:07:05 - donnees_brutes - INFO - === Page Données Brutes chargée ===
2025-12-07 15:07:08 - donnees_brutes - INFO - === Page Données Brutes chargée ===
2025-12-07 15:07:10 - donnees_brutes - INFO - === Page Données Brutes chargée ===
2025-12-07 15:07:13 - donnees_brutes - INFO - === Page Données Brutes chargée ===
2025-12-07 15:07:15 - donnees_brutes - INFO - === Page Données Brutes chargée ===
2025-12-07 15:07:17 - donnees_brutes - INFO - === Page Données Brutes chargée ===
2025-12-07 15:07:39 - donnees_brutes - INFO - === Page Données Brutes chargée ===
2025-12-07 15:07:52 - donnees_brutes - INFO - === Page Données Brutes chargée ===
2025-12-07 15:07:58 - donnees_brutes - INFO - === Page Données Brutes chargée ===
2025-12-07 15:08:05 - donnees_brutes - INFO - === Page Données Brutes chargée ===
2025-12-07 15:08:55 - generation_rapports - INFO - Logger 'generation_rapports' initialisé - Niveau: INFO
2025-12-07 15:08:55 - generation_rapports - INFO - === Page Génération de Rapports chargée ===
2025-12-07 15:09:19 - generation_rapports - INFO - === Page Génération de Rapports chargée ===
2025-12-07 15:09:27 - generation_rapports - INFO - === Page Génération de Rapports chargée ===
2025-12-07 15:09:32 - generation_rapports - INFO - === Page Génération de Rapports chargée ===
2025-12-07 15:09:35 - generation_rapports - INFO - === Page Génération de Rapports chargée ===
2025-12-07 15:09:44 - generation_rapports - INFO - === Page Génération de Rapports chargée ===
2025-12-07 15:09:54 - generation_rapports - INFO - === Page Génération de Rapports chargée ===
2025-12-07 15:14:45 - app - INFO - Logger 'app' initialisé - Niveau: INFO
2025-12-07 15:14:45 - app - INFO - === Page d'accueil chargée ===
2025-12-07 15:14:46 - data_loader - INFO - Logger 'data_loader' initialisé - Niveau: INFO
2025-12-07 15:14:46 - data_loader - INFO - ✅ Chargement réussi : Toutes les données (301 lignes)
2025-12-07 15:14:55 - vue_ensemble - INFO - Logger 'vue_ensemble' initialisé - Niveau: INFO
2025-12-07 15:14:55 - vue_ensemble - INFO - === Page Vue d'Ensemble chargée ===
2025-12-07 15:15:13 - vue_ensemble - INFO - === Page Vue d'Ensemble chargée ===
2025-12-07 15:15:40 - app - INFO - === Page d'accueil chargée ===
2025-12-07 15:34:47 - app - INFO - Logger 'app' initialisé - Niveau: INFO
2025-12-07 15:34:47 - app - INFO - === Page d'accueil chargée ===
2025-12-07 15:34:47 - data_loader - INFO - Logger 'data_loader' initialisé - Niveau: INFO
2025-12-07 15:34:47 - data_loader - INFO - ✅ Chargement réussi : Toutes les données (301 lignes)
2025-12-07 15:37:19 - vue_ensemble - INFO - Logger 'vue_ensemble' initialisé - Niveau: INFO
2025-12-07 15:37:19 - vue_ensemble - INFO - === Page Vue d'Ensemble chargée ===
2025-12-07 15:37:29 - analyse_epidemiologique - INFO - Logger 'analyse_epidemiologique' initialisé - Niveau: INFO
2025-12-07 15:37:29 - analyse_epidemiologique - INFO - === Page Analyse Épidémiologique chargée ===
2025-12-07 15:41:37 - app - INFO - Logger 'app' initialisé - Niveau: INFO
2025-12-07 15:41:37 - app - INFO - === Page d'accueil chargée ===
2025-12-07 15:41:38 - data_loader - INFO - Logger 'data_loader' initialisé - Niveau: INFO
2025-12-07 15:41:38 - data_loader - INFO - ✅ Chargement réussi : Toutes les données (301 lignes)
2025-12-07 15:51:29 - app - INFO - Logger 'app' initialisé - Niveau: INFO
2025-12-07 15:51:29 - app - INFO - === Page d'accueil chargée ===
2025-12-07 15:51:30 - data_loader - INFO - Logger 'data_loader' initialisé - Niveau: INFO
2025-12-07 15:51:30 - data_loader - INFO - ✅ Chargement réussi : Toutes les données (301 lignes)
2025-12-07 15:54:00 - app - INFO - === Page d'accueil chargée ===
2025-12-07 15:54:19 - vue_ensemble - INFO - Logger 'vue_ensemble' initialisé - Niveau: INFO
2025-12-07 15:54:19 - vue_ensemble - INFO - === Page Vue d'Ensemble chargée ===
2025-12-07 15:54:23 - analyse_epidemiologique - INFO - Logger 'analyse_epidemiologique' initialisé - Niveau: INFO
2025-12-07 15:54:23 - analyse_epidemiologique - INFO - === Page Analyse Épidémiologique chargée ===
2025-12-07 15:54:26 - comparaisons - INFO - Logger 'comparaisons' initialisé - Niveau: INFO
2025-12-07 15:54:26 - comparaisons - INFO - === Page Comparaisons chargée ===
2025-12-07 15:57:25 - comparaisons - INFO - === Page Comparaisons chargée ===
2025-12-07 15:57:41 - app - INFO - === Page d'accueil chargée ===
2025-12-07 16:05:16 - app - INFO - === Page d'accueil chargée ===
2025-12-07 16:05:19 - vue_ensemble - INFO - === Page Vue d'Ensemble chargée ===
2025-12-07 16:07:22 - vue_ensemble - INFO - === Page Vue d'Ensemble chargée ===
2025-12-07 16:11:33 - vue_ensemble - INFO - === Page Vue d'Ensemble chargée ===
2025-12-07 16:11:35 - analyse_epidemiologique - INFO - === Page Analyse Épidémiologique chargée ===
2025-12-07 16:15:10 - comparaisons - INFO - === Page Comparaisons chargée ===
2025-12-07 16:15:17 - comparaisons - INFO - === Page Comparaisons chargée ===
2025-12-07 16:15:48 - comparaisons - INFO - === Page Comparaisons chargée ===
2025-12-07 16:16:14 - comparaisons - INFO - === Page Comparaisons chargée ===
2025-12-07 16:16:32 - donnees_brutes - INFO - Logger 'donnees_brutes' initialisé - Niveau: INFO
2025-12-07 16:16:32 - donnees_brutes - INFO - === Page Données Brutes chargée ===
2025-12-07 16:16:33 - comparaisons - INFO - === Page Comparaisons chargée ===
2025-12-07 16:17:27 - comparaisons - INFO - === Page Comparaisons chargée ===
2025-12-07 16:17:36 - donnees_brutes - INFO - === Page Données Brutes chargée ===
2025-12-07 16:18:06 - donnees_brutes - INFO - === Page Données Brutes chargée ===
2025-12-07 16:20:11 - donnees_brutes - INFO - === Page Données Brutes chargée ===
2025-12-07 16:22:37 - generation_rapports - INFO - Logger 'generation_rapports' initialisé - Niveau: INFO
2025-12-07 16:22:37 - generation_rapports - INFO - === Page Génération de Rapports chargée ===
2025-12-07 16:22:41 - generation_rapports - INFO - === Page Génération de Rapports chargée ===
2025-12-07 16:22:58 - app - INFO - === Page d'accueil chargée ===
2025-12-07 16:23:07 - vue_ensemble - INFO - === Page Vue d'Ensemble chargée ===
2025-12-07 16:23:08 - app - INFO - === Page d'accueil chargée ===
2025-12-07 16:24:41 - app - INFO - === Page d'accueil chargée ===
2025-12-08 07:57:01 - app - INFO - Logger 'app' initialisé - Niveau: INFO
2025-12-08 07:57:01 - app - INFO - === Page d'accueil chargée ===
2025-12-08 07:57:01 - data_loader - INFO - Logger 'data_loader' initialisé - Niveau: INFO
2025-12-08 07:57:01 - data_loader - INFO - ✅ Chargement réussi : Toutes les données (301 lignes)
2025-12-08 07:57:57 - vue_ensemble - INFO - Logger 'vue_ensemble' initialisé - Niveau: INFO
2025-12-08 07:57:57 - vue_ensemble - INFO - === Page Vue d'Ensemble chargée ===
2025-12-08 08:04:56 - donnees_brutes - INFO - Logger 'donnees_brutes' initialisé - Niveau: INFO
2025-12-08 08:04:56 - donnees_brutes - INFO - === Page Données Brutes chargée ===
2025-12-08 08:05:27 - donnees_brutes - INFO - === Page Données Brutes chargée ===
2025-12-08 08:05:40 - donnees_brutes - INFO - === Page Données Brutes chargée ===
2025-12-08 08:05:41 - upload - INFO - Logger 'upload' initialisé - Niveau: INFO
2025-12-08 08:05:41 - upload - INFO - ✅ Upload réussi : Appels_hebdomadaires 30.11.2025.xlsx (35.2 KB)
2025-12-08 08:05:59 - donnees_brutes - INFO - === Page Données Brutes chargée ===
2025-12-08 08:06:04 - app - INFO - === Page d'accueil chargée ===
2025-12-08 08:06:05 - data_loader - INFO - ✅ Chargement réussi : Toutes les données (301 lignes)
2025-12-08 08:06:16 - vue_ensemble - INFO - === Page Vue d'Ensemble chargée ===
2025-12-08 08:06:23 - vue_ensemble - INFO - === Page Vue d'Ensemble chargée ===
2025-12-08 08:06:46 - donnees_brutes - INFO - === Page Données Brutes chargée ===
2025-12-08 08:07:06 - donnees_brutes - INFO - === Page Données Brutes chargée ===
2025-12-08 08:09:48 - donnees_brutes - INFO - === Page Données Brutes chargée ===
2025-12-08 08:10:15 - donnees_brutes - INFO - === Page Données Brutes chargée ===
2025-12-08 08:10:15 - upload - INFO - ✅ Upload réussi : Appels_hebdomadaires_30.11.2025.xlsx (35.2 KB)
2025-12-08 08:10:39 - donnees_brutes - INFO - === Page Données Brutes chargée ===
2025-12-08 08:10:48 - donnees_brutes - INFO - === Page Données Brutes chargée ===
2025-12-08 08:10:54 - app - INFO - === Page d'accueil chargée ===
2025-12-08 08:10:54 - data_loader - INFO - ✅ Chargement réussi : Toutes les données (301 lignes)
2025-12-08 08:11:02 - vue_ensemble - INFO - === Page Vue d'Ensemble chargée ===
2025-12-08 08:11:06 - vue_ensemble - INFO - === Page Vue d'Ensemble chargée ===
2025-12-08 08:11:27 - generation_rapports - INFO - Logger 'generation_rapports' initialisé - Niveau: INFO
2025-12-08 08:11:27 - generation_rapports - INFO - === Page Génération de Rapports chargée ===
2025-12-08 08:11:28 - donnees_brutes - INFO - === Page Données Brutes chargée ===
2025-12-08 08:18:28 - donnees_brutes - INFO - === Page Données Brutes chargée ===
2025-12-08 08:18:31 - donnees_brutes - INFO - === Page Données Brutes chargée ===
2025-12-08 08:18:33 - donnees_brutes - INFO - === Page Données Brutes chargée ===
2025-12-08 08:18:52 - app - INFO - === Page d'accueil chargée ===
2025-12-08 08:18:55 - vue_ensemble - INFO - === Page Vue d'Ensemble chargée ===
2025-12-08 08:19:22 - analyse_epidemiologique - INFO - Logger 'analyse_epidemiologique' initialisé - Niveau: INFO
2025-12-08 08:19:22 - analyse_epidemiologique - INFO - === Page Analyse Épidémiologique chargée ===
2025-12-08 08:20:08 - comparaisons - INFO - Logger 'comparaisons' initialisé - Niveau: INFO
2025-12-08 08:20:08 - comparaisons - INFO - === Page Comparaisons chargée ===
2025-12-08 08:21:15 - donnees_brutes - INFO - === Page Données Brutes chargée ===
2025-12-08 08:22:01 - generation_rapports - INFO - === Page Génération de Rapports chargée ===
2025-12-08 08:22:21 - app - INFO - === Page d'accueil chargée ===
2025-12-08 08:22:45 - app - INFO - === Page d'accueil chargée ===
2025-12-08 08:23:47 - vue_ensemble - INFO - === Page Vue d'Ensemble chargée ===
2025-12-08 08:23:56 - analyse_epidemiologique - INFO - === Page Analyse Épidémiologique chargée ===
2025-12-08 08:24:02 - comparaisons - INFO - === Page Comparaisons chargée ===
2025-12-08 08:24:12 - donnees_brutes - INFO - === Page Données Brutes chargée ===
2025-12-08 08:24:25 - generation_rapports - INFO - === Page Génération de Rapports chargée ===
2025-12-08 08:24:53 - donnees_brutes - INFO - === Page Données Brutes chargée ===
2025-12-08 08:25:18 - donnees_brutes - INFO - === Page Données Brutes chargée ===
2025-12-08 08:25:22 - donnees_brutes - INFO - === Page Données Brutes chargée ===
2025-12-08 08:25:35 - donnees_brutes - INFO - === Page Données Brutes chargée ===
2025-12-08 08:25:38 - donnees_brutes - INFO - === Page Données Brutes chargée ===
2025-12-08 08:25:43 - donnees_brutes - INFO - === Page Données Brutes chargée ===
2025-12-08 08:25:46 - donnees_brutes - INFO - === Page Données Brutes chargée ===
2025-12-08 08:25:55 - donnees_brutes - INFO - === Page Données Brutes chargée ===
2025-12-08 08:26:01 - app - INFO - === Page d'accueil chargée ===
2025-12-08 08:26:49 - app - INFO - Logger 'app' initialisé - Niveau: INFO
2025-12-08 08:26:49 - app - INFO - === Page d'accueil chargée ===
2025-12-08 08:26:50 - data_loader - INFO - Logger 'data_loader' initialisé - Niveau: INFO
2025-12-08 08:26:50 - data_loader - INFO - ✅ Chargement réussi : Toutes les données (301 lignes)
2025-12-08 08:27:00 - vue_ensemble - INFO - Logger 'vue_ensemble' initialisé - Niveau: INFO
2025-12-08 08:27:00 - vue_ensemble - INFO - === Page Vue d'Ensemble chargée ===
2025-12-08 08:27:05 - donnees_brutes - INFO - Logger 'donnees_brutes' initialisé - Niveau: INFO
2025-12-08 08:27:05 - donnees_brutes - INFO - === Page Données Brutes chargée ===
2025-12-08 08:27:21 - donnees_brutes - INFO - === Page Données Brutes chargée ===
2025-12-08 08:27:31 - donnees_brutes - INFO - === Page Données Brutes chargée ===
2025-12-08 08:27:32 - upload - INFO - Logger 'upload' initialisé - Niveau: INFO
2025-12-08 08:27:32 - upload - INFO - ✅ Upload réussi : Appels_hebdomadaires_30.11.2025.xlsx (35.2 KB)
2025-12-08 08:27:38 - donnees_brutes - INFO - === Page Données Brutes chargée ===
2025-12-08 08:27:39 - donnees_brutes - INFO - === Page Données Brutes chargée ===
2025-12-08 08:27:39 - upload - INFO - ✅ Upload réussi : Appels_hebdomadaires_30.11.2025.xlsx (35.2 KB)
2025-12-08 08:27:56 - donnees_brutes - INFO - === Page Données Brutes chargée ===
2025-12-08 08:28:06 - app - INFO - === Page d'accueil chargée ===
2025-12-08 08:28:07 - data_loader - INFO - ✅ Chargement réussi : Toutes les données (301 lignes)
2025-12-08 08:28:18 - vue_ensemble - INFO - === Page Vue d'Ensemble chargée ===
2025-12-08 08:28:59 - app - INFO - === Page d'accueil chargée ===
2025-12-08 08:29:12 - vue_ensemble - INFO - === Page Vue d'Ensemble chargée ===
2025-12-08 08:29:23 - analyse_epidemiologique - INFO - Logger 'analyse_epidemiologique' initialisé - Niveau: INFO
2025-12-08 08:29:23 - analyse_epidemiologique - INFO - === Page Analyse Épidémiologique chargée ===
2025-12-08 08:52:35 - app - INFO - Logger 'app' initialisé - Niveau: INFO
2025-12-08 08:52:35 - app - INFO - === Page d'accueil chargée ===
2025-12-08 08:52:36 - data_loader - INFO - Logger 'data_loader' initialisé - Niveau: INFO
2025-12-08 08:52:36 - data_loader - INFO - ✅ Chargement réussi : Toutes les données (301 lignes)
2025-12-09 11:04:02 - app - INFO - Logger 'app' initialisé - Niveau: INFO
2025-12-09 11:04:02 - app - INFO - === Page d'accueil chargée ===
2025-12-09 11:04:03 - data_loader - INFO - Logger 'data_loader' initialisé - Niveau: INFO
2025-12-09 11:04:03 - data_loader - INFO - ✅ Chargement réussi : Toutes les données (301 lignes)
2025-12-09 11:04:07 - generation_rapports - INFO - Logger 'generation_rapports' initialisé - Niveau: INFO
2025-12-09 11:04:07 - generation_rapports - INFO - === Page Génération de Rapports chargée ===
2025-12-09 11:04:12 - donnees_brutes - INFO - Logger 'donnees_brutes' initialisé - Niveau: INFO
2025-12-09 11:04:12 - donnees_brutes - INFO - === Page Données Brutes chargée ===
2025-12-09 11:17:01 - app - INFO - Logger 'app' initialisé - Niveau: INFO
2025-12-09 11:17:01 - app - INFO - === Page d'accueil chargée ===
2025-12-09 11:17:01 - data_loader - INFO - Logger 'data_loader' initialisé - Niveau: INFO
2025-12-09 11:17:01 - data_loader - INFO - ✅ Chargement réussi : Toutes les données (301 lignes)
2025-12-09 11:17:14 - donnees_brutes - INFO - Logger 'donnees_brutes' initialisé - Niveau: INFO
2025-12-09 11:17:14 - donnees_brutes - INFO - === Page Données Brutes chargée ===
2025-12-09 11:17:36 - donnees_brutes - INFO - === Page Données Brutes chargée ===
2025-12-09 11:17:42 - donnees_brutes - INFO - === Page Données Brutes chargée ===
2025-12-09 11:17:42 - upload - INFO - Logger 'upload' initialisé - Niveau: INFO
2025-12-09 11:17:42 - upload - INFO - ✅ Upload réussi : Appels_hebdomadaires_30.11.2025.xlsx (35.2 KB)
2025-12-09 11:18:10 - donnees_brutes - INFO - === Page Données Brutes chargée ===
2025-12-09 11:18:13 - vue_ensemble - INFO - Logger 'vue_ensemble' initialisé - Niveau: INFO
2025-12-09 11:18:13 - vue_ensemble - INFO - === Page Vue d'Ensemble chargée ===
2025-12-09 11:18:35 - analyse_epidemiologique - INFO - Logger 'analyse_epidemiologique' initialisé - Niveau: INFO
2025-12-09 11:18:35 - analyse_epidemiologique - INFO - === Page Analyse Épidémiologique chargée ===
2025-12-09 11:18:49 - comparaisons - INFO - Logger 'comparaisons' initialisé - Niveau: INFO
2025-12-09 11:18:49 - comparaisons - INFO - === Page Comparaisons chargée ===
2025-12-09 11:18:55 - app - INFO - === Page d'accueil chargée ===
2025-12-09 11:18:55 - data_loader - INFO - ✅ Chargement réussi : Toutes les données (308 lignes)
2025-12-09 11:34:21 - app - INFO - Logger 'app' initialisé - Niveau: INFO
2025-12-09 11:34:21 - app - INFO - === Page d'accueil chargée ===
2025-12-09 11:34:21 - data_loader - INFO - Logger 'data_loader' initialisé - Niveau: INFO
2025-12-09 11:34:21 - data_loader - INFO - ✅ Chargement réussi : Toutes les données (308 lignes)
2025-12-09 11:34:51 - vue_ensemble - INFO - Logger 'vue_ensemble' initialisé - Niveau: INFO
2025-12-09 11:34:51 - vue_ensemble - INFO - === Page Vue d'Ensemble chargée ===
2025-12-09 11:35:04 - analyse_epidemiologique - INFO - Logger 'analyse_epidemiologique' initialisé - Niveau: INFO
2025-12-09 11:35:04 - analyse_epidemiologique - INFO - === Page Analyse Épidémiologique chargée ===
2025-12-09 11:35:09 - analyse_epidemiologique - INFO - === Page Analyse Épidémiologique chargée ===
2025-12-09 11:35:09 - analyse_epidemiologique - INFO - Export comparaison : 3 semaines
2025-12-09 11:35:21 - comparaisons - INFO - Logger 'comparaisons' initialisé - Niveau: INFO
2025-12-09 11:35:21 - comparaisons - INFO - === Page Comparaisons chargée ===
2025-12-09 11:56:25 - app - INFO - Logger 'app' initialisé - Niveau: INFO
2025-12-09 11:56:25 - app - INFO - === Page d'accueil chargée ===
2025-12-09 11:56:25 - data_loader - INFO - Logger 'data_loader' initialisé - Niveau: INFO
2025-12-09 11:56:25 - data_loader - INFO - ✅ Chargement réussi : Toutes les données (308 lignes)
2025-12-09 11:56:32 - comparaisons - INFO - Logger 'comparaisons' initialisé - Niveau: INFO
2025-12-09 11:56:32 - comparaisons - INFO - === Page Comparaisons chargée ===
2025-12-09 12:03:14 - app - INFO - Logger 'app' initialisé - Niveau: INFO
2025-12-09 12:03:14 - app - INFO - === Page d'accueil chargée ===
2025-12-09 12:03:14 - data_loader - INFO - Logger 'data_loader' initialisé - Niveau: INFO
2025-12-09 12:03:14 - data_loader - INFO - ✅ Chargement réussi : Toutes les données (308 lignes)
2025-12-09 12:03:21 - vue_ensemble - INFO - Logger 'vue_ensemble' initialisé - Niveau: INFO
2025-12-09 12:03:21 - vue_ensemble - INFO - === Page Vue d'Ensemble chargée ===
2025-12-09 12:04:01 - analyse_epidemiologique - INFO - Logger 'analyse_epidemiologique' initialisé - Niveau: INFO
2025-12-09 12:04:01 - analyse_epidemiologique - INFO - === Page Analyse Épidémiologique chargée ===
2025-12-09 12:04:11 - analyse_epidemiologique - INFO - === Page Analyse Épidémiologique chargée ===
2025-12-09 12:04:11 - analyse_epidemiologique - INFO - Export comparaison : 3 semaines
2025-12-09 12:04:17 - comparaisons - INFO - Logger 'comparaisons' initialisé - Niveau: INFO
2025-12-09 12:04:17 - comparaisons - INFO - === Page Comparaisons chargée ===
2025-12-09 12:04:36 - donnees_brutes - INFO - Logger 'donnees_brutes' initialisé - Niveau: INFO
2025-12-09 12:04:36 - donnees_brutes - INFO - === Page Données Brutes chargée ===
2025-12-09 12:04:41 - donnees_brutes - INFO - === Page Données Brutes chargée ===
2025-12-09 12:04:49 - donnees_brutes - INFO - === Page Données Brutes chargée ===
2025-12-09 12:10:35 - app - INFO - Logger 'app' initialisé - Niveau: INFO
2025-12-09 12:10:35 - app - INFO - === Page d'accueil chargée ===
2025-12-09 12:10:35 - data_loader - INFO - Logger 'data_loader' initialisé - Niveau: INFO
2025-12-09 12:10:35 - data_loader - INFO - ✅ Chargement réussi : Toutes les données (308 lignes)
2025-12-09 12:10:37 - donnees_brutes - INFO - Logger 'donnees_brutes' initialisé - Niveau: INFO
2025-12-09 12:10:37 - donnees_brutes - INFO - === Page Données Brutes chargée ===
2025-12-09 12:10:40 - donnees_brutes - INFO - === Page Données Brutes chargée ===
2025-12-09 12:10:46 - donnees_brutes - INFO - === Page Données Brutes chargée ===
2025-12-09 12:10:52 - donnees_brutes - INFO - === Page Données Brutes chargée ===
2025-12-09 12:11:13 - generation_rapports - INFO - Logger 'generation_rapports' initialisé - Niveau: INFO
2025-12-09 12:11:13 - generation_rapports - INFO - === Page Génération de Rapports chargée ===
2025-12-09 12:11:22 - generation_rapports - INFO - === Page Génération de Rapports chargée ===
2025-12-09 12:11:30 - generation_rapports - INFO - === Page Génération de Rapports chargée ===
2025-12-09 12:11:57 - generation_rapports - INFO - === Page Génération de Rapports chargée ===
2025-12-09 12:12:06 - generation_rapports - INFO - === Page Génération de Rapports chargée ===
2025-12-09 12:14:54 - generation_rapports - INFO - === Page Génération de Rapports chargée ===
2025-12-09 12:14:59 - generation_rapports - INFO - === Page Génération de Rapports chargée ===
2025-12-09 12:15:25 - app - INFO - Logger 'app' initialisé - Niveau: INFO
2025-12-09 12:15:25 - app - INFO - === Page d'accueil chargée ===
2025-12-09 12:15:26 - data_loader - INFO - Logger 'data_loader' initialisé - Niveau: INFO
2025-12-09 12:15:26 - data_loader - INFO - ✅ Chargement réussi : Toutes les données (308 lignes)
2025-12-09 12:17:15 - generation_rapports - INFO - Logger 'generation_rapports' initialisé - Niveau: INFO
2025-12-09 12:17:15 - generation_rapports - INFO - === Page Génération de Rapports chargée ===
2025-12-09 12:17:19 - generation_rapports - INFO - === Page Génération de Rapports chargée ===
2025-12-09 12:17:24 - generation_rapports - INFO - === Page Génération de Rapports chargée ===
2025-12-09 12:25:17 - app - INFO - Logger 'app' initialisé - Niveau: INFO
2025-12-09 12:25:17 - app - INFO - === Page d'accueil chargée ===
2025-12-09 12:25:17 - data_loader - INFO - Logger 'data_loader' initialisé - Niveau: INFO
2025-12-09 12:25:17 - data_loader - INFO - ✅ Chargement réussi : Toutes les données (308 lignes)
2025-12-09 12:25:23 - generation_rapports - INFO - Logger 'generation_rapports' initialisé - Niveau: INFO
2025-12-09 12:25:23 - generation_rapports - INFO - === Page Génération de Rapports chargée ===
2025-12-09 12:25:29 - generation_rapports - INFO - === Page Génération de Rapports chargée ===
2025-12-09 12:25:29 - generation_rapports - INFO - === Page Génération de Rapports chargée ===
2025-12-09 12:25:36 - generation_rapports - INFO - === Page Génération de Rapports chargée ===
2025-12-09 12:25:36 - pptx_generator - INFO - Logger 'pptx_generator' initialisé - Niveau: INFO
2025-12-09 12:25:36 - pptx_generator - ERROR - cannot import name 'calculer_top_categories' from 'utils.data_processor' (C:\Users\User\Documents\Centre_Appel_dashboard\dashboard_urgence_appel\utils\data_processor.py)
2025-12-09 12:25:36 - generation_rapports - ERROR - Erreur génération rapport : cannot import name 'calculer_top_categories' from 'utils.data_processor' (C:\Users\User\Documents\Centre_Appel_dashboard\dashboard_urgence_appel\utils\data_processor.py)
2025-12-09 13:27:13 - app - INFO - Logger 'app' initialisé - Niveau: INFO
2025-12-09 13:27:13 - app - INFO - === Page d'accueil chargée ===
2025-12-09 13:27:13 - data_loader - INFO - Logger 'data_loader' initialisé - Niveau: INFO
2025-12-09 13:27:13 - data_loader - INFO - ✅ Chargement réussi : Toutes les données (308 lignes)
2025-12-09 13:27:20 - generation_rapports - INFO - Logger 'generation_rapports' initialisé - Niveau: INFO
2025-12-09 13:27:20 - generation_rapports - INFO - === Page Génération de Rapports chargée ===
2025-12-09 13:27:26 - generation_rapports - INFO - === Page Génération de Rapports chargée ===
2025-12-09 13:27:26 - generation_rapports - INFO - === Page Génération de Rapports chargée ===
2025-12-09 13:27:30 - generation_rapports - INFO - === Page Génération de Rapports chargée ===
2025-12-09 13:27:30 - pptx_generator - INFO - Logger 'pptx_generator' initialisé - Niveau: INFO
2025-12-09 13:27:30 - pptx_generator - INFO - ✅ Rapport Modèle ORIGINAL généré: 7 slides en 0.1s
2025-12-09 13:27:40 - generation_rapports - INFO - === Page Génération de Rapports chargée ===
2025-12-09 13:28:20 - generation_rapports - INFO - === Page Génération de Rapports chargée ===
2025-12-09 13:28:20 - generation_rapports - INFO - === Page Génération de Rapports chargée ===
2025-12-09 13:28:24 - generation_rapports - INFO - === Page Génération de Rapports chargée ===
2025-12-09 13:28:24 - pptx_generator - ERROR - cannot import name 'agreger_donnees_hebdomadaires' from 'utils.data_processor' (C:\Users\User\Documents\Centre_Appel_dashboard\dashboard_urgence_appel\utils\data_processor.py)
2025-12-09 13:28:24 - generation_rapports - ERROR - Erreur génération rapport : cannot import name 'agreger_donnees_hebdomadaires' from 'utils.data_processor' (C:\Users\User\Documents\Centre_Appel_dashboard\dashboard_urgence_appel\utils\data_processor.py)
2025-12-09 13:47:13 - app - INFO - Logger 'app' initialisé - Niveau: INFO
2025-12-09 13:47:13 - app - INFO - === Page d'accueil chargée ===
2025-12-09 13:47:14 - data_loader - INFO - Logger 'data_loader' initialisé - Niveau: INFO
2025-12-09 13:47:14 - data_loader - INFO - ✅ Chargement réussi : Toutes les données (308 lignes)
2025-12-09 13:47:16 - generation_rapports - INFO - Logger 'generation_rapports' initialisé - Niveau: INFO
2025-12-09 13:47:16 - generation_rapports - INFO - === Page Génération de Rapports chargée ===
2025-12-09 13:47:21 - generation_rapports - INFO - === Page Génération de Rapports chargée ===
2025-12-09 13:47:21 - generation_rapports - INFO - === Page Génération de Rapports chargée ===
2025-12-09 13:47:27 - generation_rapports - INFO - === Page Génération de Rapports chargée ===
2025-12-09 13:47:27 - pptx_generator - INFO - Logger 'pptx_generator' initialisé - Niveau: INFO
2025-12-09 13:47:27 - pptx_generator - INFO - ✅ Rapport Modèle ORIGINAL généré: 7 slides en 0.5s
2025-12-09 13:47:36 - generation_rapports - INFO - === Page Génération de Rapports chargée ===
2025-12-09 13:48:05 - generation_rapports - INFO - === Page Génération de Rapports chargée ===
2025-12-09 13:48:05 - generation_rapports - INFO - === Page Génération de Rapports chargée ===
2025-12-09 13:48:08 - generation_rapports - INFO - === Page Génération de Rapports chargée ===
2025-12-09 13:48:08 - pptx_generator - ERROR - [WinError 3] Le chemin d’accès spécifié est introuvable: '\\tmp\\pptx_charts'
2025-12-09 13:48:08 - generation_rapports - ERROR - Erreur génération rapport : [WinError 3] Le chemin d’accès spécifié est introuvable: '\\tmp\\pptx_charts'
2025-12-09 14:00:37 - app - INFO - Logger 'app' initialisé - Niveau: INFO
2025-12-09 14:00:37 - app - INFO - === Page d'accueil chargée ===
2025-12-09 14:00:38 - data_loader - INFO - Logger 'data_loader' initialisé - Niveau: INFO
2025-12-09 14:00:38 - data_loader - INFO - ✅ Chargement réussi : Toutes les données (308 lignes)
2025-12-09 14:00:41 - generation_rapports - INFO - Logger 'generation_rapports' initialisé - Niveau: INFO
2025-12-09 14:00:41 - generation_rapports - INFO - === Page Génération de Rapports chargée ===
2025-12-09 14:01:02 - generation_rapports - INFO - === Page Génération de Rapports chargée ===
2025-12-09 14:01:02 - generation_rapports - INFO - === Page Génération de Rapports chargée ===
2025-12-09 14:01:07 - generation_rapports - INFO - === Page Génération de Rapports chargée ===
2025-12-09 14:01:28 - pptx_generator - INFO - Logger 'pptx_generator' initialisé - Niveau: INFO
2025-12-09 14:01:28 - pptx_generator - INFO - ✅ Rapport Modèle A généré: 16 slides en 21.1s
2025-12-09 14:01:33 - generation_rapports - INFO - === Page Génération de Rapports chargée ===
2025-12-09 14:02:18 - generation_rapports - INFO - === Page Génération de Rapports chargée ===
2025-12-09 14:02:18 - generation_rapports - INFO - === Page Génération de Rapports chargée ===
2025-12-09 14:02:23 - generation_rapports - INFO - === Page Génération de Rapports chargée ===
2025-12-09 14:02:43 - pptx_generator - INFO - ✅ Rapport Modèle B généré: 12 slides en 19.9s
2025-12-09 14:02:50 - generation_rapports - INFO - === Page Génération de Rapports chargée ===
2025-12-09 14:03:48 - generation_rapports - INFO - === Page Génération de Rapports chargée ===
